mktextfm necker
mktextfm nullfont
mktextfm necker
mktextfm nullfont
mktexpk --mfmode / --bdpi 600 --mag 3+300/600 --dpi 2100 finmd8r
mktexpk --mfmode / --bdpi 600 --mag 3+300/600 --dpi 2100 finmd8r
mktexpk --mfmode / --bdpi 600 --mag 3+300/600 --dpi 2100 finmd8r
mktextfm 
mktextfm 
mktextfm 
mktextfm 
mktextfm 
mktextfm 
mktextfm 
mktextfm 
mktextfm 
mktextfm 
mktextfm 
mktextfm 
mktextfm 
mktextfm 
mktextfm 
mktextfm 
mktextfm 
mktexpk --mfmode / --bdpi 600 --mag 1+57/600 --dpi 657 fjdmw8r
mktexpk --mfmode / --bdpi 600 --mag 1+57/600 --dpi 657 fjdmw8r
mktexpk --mfmode / --bdpi 600 --mag 1+57/600 --dpi 657 fjdmw8r
mktexpk --mfmode / --bdpi 600 --mag 1+57/600 --dpi 657 fjdmw8r
mktexpk --mfmode / --bdpi 600 --mag 1+57/600 --dpi 657 fjdmw8r
mktexpk --mfmode / --bdpi 600 --mag 1+57/600 --dpi 657 fjdmw8r
mktexpk --mfmode / --bdpi 600 --mag 1+57/600 --dpi 657 fjdmw8r
mktexpk --mfmode / --bdpi 600 --mag 1+57/600 --dpi 657 fjdmw8r
mktexpk --mfmode / --bdpi 600 --mag 1+57/600 --dpi 657 fjdmw8r
mktexpk --mfmode / --bdpi 600 --mag 1+57/600 --dpi 657 fjdmw8r
mktexpk --mfmode / --bdpi 600 --mag 1+57/600 --dpi 657 fjdmw8r
mktexpk --mfmode / --bdpi 600 --mag 1+57/600 --dpi 657 fjdmw8r
mktexpk --mfmode / --bdpi 600 --mag 1+57/600 --dpi 657 fjdmw8r
mktexpk --mfmode / --bdpi 600 --mag 1+57/600 --dpi 657 fjdmw8r
mktexpk --mfmode / --bdpi 600 --mag 1+57/600 --dpi 657 fjdmw8r
mktexpk --mfmode / --bdpi 600 --mag 1+57/600 --dpi 657 fjdmw8r
mktexpk --mfmode / --bdpi 600 --mag 1+57/600 --dpi 657 fjdmw8r
mktexpk --mfmode / --bdpi 600 --mag 1+57/600 --dpi 657 fjdmw8r
mktexpk --mfmode / --bdpi 600 --mag 1+57/600 --dpi 657 fjdmw8r
mktexpk --mfmode / --bdpi 600 --mag 1+57/600 --dpi 657 fjdmw8r
mktexpk --mfmode / --bdpi 600 --mag 1+57/600 --dpi 657 fjdmw8r
mktexpk --mfmode / --bdpi 600 --mag 1+57/600 --dpi 657 fjdmw8r
mktexpk --mfmode / --bdpi 600 --mag 1+57/600 --dpi 657 fjdmw8r
mktextfm 
mktextfm 
mktextfm 
mktextfm 
mktextfm 
mktextfm 
mktextfm 
mktextfm 
mktextfm 
mktextfm 
mktextfm 
mktextfm 
mktextfm 
mktextfm 
mktextfm 
mktextfm 
mktextfm 
mktextfm 
mktextfm 
mktextfm 
mktextfm 
mktextfm 
mktextfm 
mktextfm 
mktextfm 
mktextfm 
mktextfm 
mktextfm 
mktextfm 
mktextfm 
mktextfm 
mktextfm 
mktextfm 
mktextfm 
mktextfm 
mktextfm 
mktextfm 
mktextfm 
mktextfm 
mktextfm 
mktextfm 
mktextfm 
mktextfm 
mktextfm 
