This is LuaTeX, Version 1.0.4 (TeX Live 2017/Debian)  (format=lualatex 2018.11.19)  16 JAN 2020 22:58
 restricted system commands enabled.
**Copertina.tex
(./Copertina.tex
LaTeX2e <2017-04-15>
Lua module: luaotfload-main 2017/01/29 2.80001 OpenType layout system.
Lua module: lualibs 2017-02-01 2.5 ConTeXt Lua standard libraries.
Lua module: lualibs-extended 2017-02-01 2.5 ConTeXt Lua libraries -- extended co
llection.(using write cache: /home/jordy/.texlive2017/texmf-var/luatex-cache/gen
eric)(using read cache: /var/lib/texmf/luatex-cache/generic /home/jordy/.texlive
2017/texmf-var/luatex-cache/generic)
luaotfload | conf : Root cache directory is /home/jordy/.texlive2017/texmf-var/l
uatex-cache/generic/names.
luaotfload | init : Loading fontloader “fontloader-2017-02-11.lua” from kpse
-resolved path “/usr/share/texlive/texmf-dist/tex/luatex/luaotfload/fontloader
-2017-02-11.lua”.
Lua-only attribute luaotfload@state = 1
Lua-only attribute luaotfload@noligature = 2
Lua-only attribute luaotfload@syllabe = 3
luaotfload | init : Context OpenType loader version “3.027”
Inserting `luaotfload.node_processor' at position 1 in `pre_linebreak_filter'.
Inserting `luaotfload.node_processor' at position 1 in `hpack_filter'.
Inserting `luaotfload.define_font' at position 1 in `define_font'.
Lua-only attribute luaotfload_color_attribute = 4
luaotfload | conf : Root cache directory is /home/jordy/.texlive2017/texmf-var/l
uatex-cache/generic/names.
Inserting `luaotfload.aux.set_sscale_dimens' at position 1 in `luaotfload.patch_
font'.
Inserting `luaotfload.aux.patch_cambria_domh' at position 2 in `luaotfload.patch
_font'.
Inserting `luaotfload.aux.fixup_fontdata' at position 1 in `luaotfload.patch_fon
t_unsafe'.
Inserting `luaotfload.aux.set_capheight' at position 3 in `luaotfload.patch_font
'.
Inserting `luaotfload.rewrite_fontname' at position 4 in `luaotfload.patch_font'
.
luaotfload | main : initialization completed in 0.096 seconds
Babel <3.18> and hyphenation patterns for 1 language(s) loaded.
! Undefined control sequence.
l.4 \pagecolor
            {LightSkyBlue}\afterpage{\restorepagecolor}
The control sequence at the end of the top line
of your error message was never \def'ed. If you have
misspelled it (e.g., `\hobx'), type `I' and the correct
spelling (e.g., `I\hbox'). Otherwise just continue,
and I'll forget about whatever was undefined.


! LaTeX Error: Missing \begin{document}.

See the LaTeX manual or LaTeX Companion for explanation.
Type  H <return>  for immediate help.
 ...                                              
                                                  
l.4 \pagecolor{L
              ightSkyBlue}\afterpage{\restorepagecolor}
You're in trouble here.  Try typing  <return>  to proceed.
If that doesn't work, type  X <return>  to quit.

! Undefined control sequence.
l.4 \pagecolor{LightSkyBlue}\afterpage
                                    {\restorepagecolor}
The control sequence at the end of the top line
of your error message was never \def'ed. If you have
misspelled it (e.g., `\hobx'), type `I' and the correct
spelling (e.g., `I\hbox'). Otherwise just continue,
and I'll forget about whatever was undefined.

! Undefined control sequence.
l.4 ...lor{LightSkyBlue}\afterpage{\restorepagecolor
                                                  }
The control sequence at the end of the top line
of your error message was never \def'ed. If you have
misspelled it (e.g., `\hobx'), type `I' and the correct
spelling (e.g., `I\hbox'). Otherwise just continue,
and I'll forget about whatever was undefined.


! LaTeX Error: Environment titlepage undefined.

See the LaTeX manual or LaTeX Companion for explanation.
Type  H <return>  for immediate help.
 ...                                              
                                                  
l.5 \begin{titlepage}
                   
Your command was ignored.
Type  I <command> <return>  to replace it with another command,
or  <return>  to continue without it.


Overfull \hbox (20.0pt too wide) in paragraph at lines 4--6
[]LightSkyBlue 
 []

! Undefined control sequence.
l.7 	\textcolor
             {White}{ % Red font color
The control sequence at the end of the top line
of your error message was never \def'ed. If you have
misspelled it (e.g., `\hobx'), type `I' and the correct
spelling (e.g., `I\hbox'). Otherwise just continue,
and I'll forget about whatever was undefined.

! Undefined control sequence.
l.8 		{\Huge
           \ECFMovieola 10 coù digourdì}\\[0.5\baselineskip] % Title line 1
The control sequence at the end of the top line
of your error message was never \def'ed. If you have
misspelled it (e.g., `\hobx'), type `I' and the correct
spelling (e.g., `I\hbox'). Otherwise just continue,
and I'll forget about whatever was undefined.

! Undefined control sequence.
l.8 		{\Huge \ECFMovieola
                        10 coù digourdì}\\[0.5\baselineskip] % Title line 1
The control sequence at the end of the top line
of your error message was never \def'ed. If you have
misspelled it (e.g., `\hobx'), type `I' and the correct
spelling (e.g., `I\hbox'). Otherwise just continue,
and I'll forget about whatever was undefined.


Overfull \hbox (2477.62498pt too wide) in paragraph at lines 13--15
[][]
 []

! Undefined control sequence.
l.16 	{Pièce icrita pe\\\vspace{0.25cm} \Large
                                              \textsc{Le Digourdì de Tsarve...
The control sequence at the end of the top line
of your error message was never \def'ed. If you have
misspelled it (e.g., `\hobx'), type `I' and the correct
spelling (e.g., `I\hbox'). Otherwise just continue,
and I'll forget about whatever was undefined.

luaotfload | db : Font names database loaded from /home/jordy/.texlive2017/texmf
-var/luatex-cache/generic/names/luaotfload-names.luc(load luc: /home/jordy/.texl
ive2017/texmf-var/luatex-cache/generic/fonts/otl/lmromancaps10-regular.luc)
Overfull \hbox (20.0pt too wide) in paragraph at lines 16--17
[]Pièce
 []


Overfull \hbox (12.41pt too wide) in paragraph at lines 16--17
\TU/lmr/m/sc/10 Le
 []


Overfull \hbox (45.49002pt too wide) in paragraph at lines 16--17
\TU/lmr/m/sc/10 Digourdì
 []


Overfull \hbox (11.82pt too wide) in paragraph at lines 16--17
\TU/lmr/m/sc/10 de
 []


Overfull \hbox (28.37001pt too wide) in paragraph at lines 16--17
\TU/lmr/m/sc/10 Tsar-
 []


Overfull \hbox (21.62001pt too wide) in paragraph at lines 16--17
\TU/lmr/m/sc/10 ven-
 []


Overfull \hbox (17.07pt too wide) in paragraph at lines 16--17
\TU/lmr/m/sc/10 sou 
 []


Underfull \vbox (badness 10000) has occurred while \output is active []

(load luc: /home/jordy/.texlive2017/texmf-var/luatex-cache/generic/fonts/otl/lmr
oman10-regular.luc)

! LaTeX Error: The font size command \normalsize is not defined:
               there is probably something wrong with the class file.

See the LaTeX manual or LaTeX Companion for explanation.
Type  H <return>  for immediate help.
 ...                                              
                                                  
l.17 
   
Your command was ignored.
Type  I <command> <return>  to replace it with another command,
or  <return>  to continue without it.

[1
Missing character: There is no L (U+004C) in font nullfont!
Missing character: There is no i (U+0069) in font nullfont!
Missing character: There is no g (U+0067) in font nullfont!
Missing character: There is no h (U+0068) in font nullfont!
Missing character: There is no t (U+0074) in font nullfont!
Missing character: There is no S (U+0053) in font nullfont!
Missing character: There is no k (U+006B) in font nullfont!
Missing character: There is no y (U+0079) in font nullfont!
Missing character: There is no B (U+0042) in font nullfont!
Missing character: There is no l (U+006C) in font nullfont!
Missing character: There is no u (U+0075) in font nullfont!
Missing character: There is no e (U+0065) in font nullfont!
Missing character: There is no W (U+0057) in font nullfont!
Missing character: There is no h (U+0068) in font nullfont!
Missing character: There is no i (U+0069) in font nullfont!
Missing character: There is no t (U+0074) in font nullfont!
Missing character: There is no e (U+0065) in font nullfont!
Missing character: There is no 1 (U+0031) in font nullfont!
Missing character: There is no 0 (U+0030) in font nullfont!
Missing character: There is no c (U+0063) in font nullfont!
Missing character: There is no o (U+006F) in font nullfont!
Missing character: There is no ù (U+00F9) in font nullfont!
Missing character: There is no d (U+0064) in font nullfont!
Missing character: There is no i (U+0069) in font nullfont!
Missing character: There is no g (U+0067) in font nullfont!
Missing character: There is no o (U+006F) in font nullfont!
Missing character: There is no u (U+0075) in font nullfont!
Missing character: There is no r (U+0072) in font nullfont!
Missing character: There is no d (U+0064) in font nullfont!
Missing character: There is no ì (U+00EC) in font nullfont!
]
Overfull \hbox (20.0pt too wide) in paragraph at lines 23--23
[] 
 []

! Undefined control sequence.
l.24 \includegraphics
                   [scale=0.1]{05_official_nero_stampa.png}\\[0.5\baselineskip]
The control sequence at the end of the top line
of your error message was never \def'ed. If you have
misspelled it (e.g., `\hobx'), type `I' and the correct
spelling (e.g., `I\hbox'). Otherwise just continue,
and I'll forget about whatever was undefined.

! Missing $ inserted.
<inserted text> 
$
l.24 \includegraphics[scale=0.1]{05_
                                  official_nero_stampa.png}\\[0.5\baselineskip]
I've inserted a begin-math/end-math symbol since I think
you left one out. Proceed, with fingers crossed.

LaTeX Font Info:    External font `cmex10' loaded for size
(Font)              <7> on input line 24.
LaTeX Font Info:    External font `cmex10' loaded for size
(Font)              <5> on input line 24.
! Extra }, or forgotten $.
l.24 ...hics[scale=0.1]{05_official_nero_stampa.png}
                                                  \\[0.5\baselineskip]
I've deleted a group-closing symbol because it seems to be
spurious, as in `$x}$'. But perhaps the } is legitimate and
you forgot something else, as in `\hbox{$x}'. In such cases
the way to recover is to insert both the forgotten and the
deleted material, e.g., by typing `I$}'.


! LaTeX Error: There's no line here to end.

See the LaTeX manual or LaTeX Companion for explanation.
Type  H <return>  for immediate help.
 ...                                              
                                                  
l.24 ...cs[scale=0.1]{05_official_nero_stampa.png}\\
                                                  [0.5\baselineskip]
Your command was ignored.
Type  I <command> <return>  to replace it with another command,
or  <return>  to continue without it.

! Missing $ inserted.
<inserted text> 
$
l.24 ...cs[scale=0.1]{05_official_nero_stampa.png}\\
                                                  [0.5\baselineskip]
I've inserted a begin-math/end-math symbol since I think
you left one out. Proceed, with fingers crossed.

! Missing } inserted.
<inserted text> 
}
l.24 ...cs[scale=0.1]{05_official_nero_stampa.png}\\
                                                  [0.5\baselineskip]
I've inserted something that you may have forgotten.
(See the <inserted text> above.)
With luck, this will get me unwedged. But if you
really didn't forget anything, try typing `2' now; then
my insertion and my current dilemma will both disappear.


Overfull \hbox (106.82388pt too wide) in paragraph at lines 24--24
 [scale=0.1]05$[][]\OML/cmm/m/it/10 fficial[]ero[]tampa:png[]$ 
 []


Overfull \hbox (8211.99998pt too wide) in paragraph at lines 35--36
[][] 
 []


Overfull \hbox (8211.99998pt too wide) in paragraph at lines 39--40
[][] 
 []


! LaTeX Error: \begin{document} ended by \end{titlepage}.

See the LaTeX manual or LaTeX Companion for explanation.
Type  H <return>  for immediate help.
 ...                                              
                                                  
l.41 \end{titlepage}
                  
Your command was ignored.
Type  I <command> <return>  to replace it with another command,
or  <return>  to continue without it.

! Undefined control sequence.
l.42 \nopagecolor
               
The control sequence at the end of the top line
of your error message was never \def'ed. If you have
misspelled it (e.g., `\hobx'), type `I' and the correct
spelling (e.g., `I\hbox'). Otherwise just continue,
and I'll forget about whatever was undefined.

)
! Emergency stop.
<*> Copertina.tex
              
*** (job aborted, no legal \end found)



Here is how much of LuaTeX's memory you used:
 29 strings out of 494480
 100000,89155 words of node,token memory allocated 1543 words of node memory still in use:
   27 hlist, 2 rule, 2 disc, 5 local_par, 1 dir, 2 math, 57 glue, 5 kern, 14 pen
alty, 72 glyph, 19 attribute, 35 glue_spec, 19 attribute_list nodes
   avail lists: 1:1,2:17,3:19,4:5,5:12,7:6,8:20,10:4
 4263 multiletter control sequences out of 65536+600000
 26 fonts using 1475671 bytes
 18i,4n,12p,108b,148s stack positions out of 5000i,500n,10000p,200000b,100000s
!  ==> Fatal error occurred, no output PDF file produced!
